000000 0001f400  ldc 500
000001 00000003 stl 0
000002 00000500 ldc 5
000003 00000103 stl 1
000004 00000002 ldl 0
000005 00000004 ldnl 0
000006 00000203 stl 2
000007 00000102 loop: ldl 1
000008 00000f0f  brz 15
000009 00000002 ldl 0
00000a 00000004 ldnl 0
00000b 00000202 ldl 2
00000c 00000007 sub
00000d 00000310  brlz 3
00000e 00000002 ldl 0
00000f 00000004 ldnl 0
000010 00000203 stl 2
000011 00000102 loop2: ldl 1
000012 ffffff01 adc -1
000013 00000103 stl 1
000014 00000002 ldl 0
000015 00000101 adc 1
000016 00000003 stl 0
000017 ffffef11  br -17
000018 00000012 end: HALT
